{"/Users/tanasho/Desktop/作成中ポートフォリオデータ/ai-skill-map-generator/lib/answerEvaluator.ts": {"path":"/Users/tanasho/Desktop/作成中ポートフォリオデータ/ai-skill-map-generator/lib/answerEvaluator.ts","all":false,"statementMap":{"24":{"start":{"line":25,"column":0},"end":{"line":25,"column":75}},"25":{"start":{"line":26,"column":0},"end":{"line":26,"column":34}},"26":{"start":{"line":27,"column":0},"end":{"line":27,"column":36}},"27":{"start":{"line":28,"column":0},"end":{"line":28,"column":36}},"28":{"start":{"line":29,"column":0},"end":{"line":29,"column":2}},"31":{"start":{"line":32,"column":0},"end":{"line":32,"column":23}},"32":{"start":{"line":33,"column":0},"end":{"line":33,"column":14}},"33":{"start":{"line":34,"column":0},"end":{"line":34,"column":47}},"34":{"start":{"line":35,"column":0},"end":{"line":35,"column":15}},"35":{"start":{"line":36,"column":0},"end":{"line":36,"column":16}},"36":{"start":{"line":37,"column":0},"end":{"line":37,"column":4}},"37":{"start":{"line":38,"column":0},"end":{"line":38,"column":9}},"38":{"start":{"line":39,"column":0},"end":{"line":39,"column":33}},"39":{"start":{"line":40,"column":0},"end":{"line":40,"column":23}},"40":{"start":{"line":41,"column":0},"end":{"line":41,"column":18}},"41":{"start":{"line":42,"column":0},"end":{"line":42,"column":4}},"42":{"start":{"line":43,"column":0},"end":{"line":43,"column":11}},"43":{"start":{"line":44,"column":0},"end":{"line":44,"column":29}},"44":{"start":{"line":45,"column":0},"end":{"line":45,"column":38}},"45":{"start":{"line":46,"column":0},"end":{"line":46,"column":17}},"46":{"start":{"line":47,"column":0},"end":{"line":47,"column":4}},"47":{"start":{"line":48,"column":0},"end":{"line":48,"column":11}},"48":{"start":{"line":49,"column":0},"end":{"line":49,"column":27}},"49":{"start":{"line":50,"column":0},"end":{"line":50,"column":20}},"50":{"start":{"line":51,"column":0},"end":{"line":51,"column":27}},"51":{"start":{"line":52,"column":0},"end":{"line":52,"column":3}},"52":{"start":{"line":53,"column":0},"end":{"line":53,"column":2}},"55":{"start":{"line":56,"column":0},"end":{"line":56,"column":30}},"56":{"start":{"line":57,"column":0},"end":{"line":57,"column":37}},"57":{"start":{"line":58,"column":0},"end":{"line":58,"column":16}},"58":{"start":{"line":59,"column":0},"end":{"line":59,"column":13}},"59":{"start":{"line":60,"column":0},"end":{"line":60,"column":14}},"60":{"start":{"line":61,"column":0},"end":{"line":61,"column":2}},"63":{"start":{"line":64,"column":0},"end":{"line":64,"column":28}},"64":{"start":{"line":65,"column":0},"end":{"line":65,"column":15}},"65":{"start":{"line":66,"column":0},"end":{"line":66,"column":19}},"66":{"start":{"line":67,"column":0},"end":{"line":67,"column":21}},"67":{"start":{"line":68,"column":0},"end":{"line":68,"column":16}},"68":{"start":{"line":69,"column":0},"end":{"line":69,"column":14}},"69":{"start":{"line":70,"column":0},"end":{"line":70,"column":2}},"74":{"start":{"line":75,"column":0},"end":{"line":75,"column":31}},"75":{"start":{"line":76,"column":0},"end":{"line":76,"column":17}},"76":{"start":{"line":77,"column":0},"end":{"line":77,"column":30}},"77":{"start":{"line":78,"column":0},"end":{"line":78,"column":27}},"78":{"start":{"line":79,"column":0},"end":{"line":79,"column":33}},"79":{"start":{"line":80,"column":0},"end":{"line":80,"column":36}},"82":{"start":{"line":83,"column":0},"end":{"line":83,"column":85}},"85":{"start":{"line":86,"column":0},"end":{"line":86,"column":80}},"88":{"start":{"line":89,"column":0},"end":{"line":89,"column":76}},"91":{"start":{"line":92,"column":0},"end":{"line":92,"column":41}},"92":{"start":{"line":93,"column":0},"end":{"line":93,"column":11}},"93":{"start":{"line":94,"column":0},"end":{"line":94,"column":18}},"94":{"start":{"line":95,"column":0},"end":{"line":95,"column":14}},"95":{"start":{"line":96,"column":0},"end":{"line":96,"column":16}},"96":{"start":{"line":97,"column":0},"end":{"line":97,"column":4}},"99":{"start":{"line":100,"column":0},"end":{"line":100,"column":27}},"100":{"start":{"line":101,"column":0},"end":{"line":101,"column":39}},"102":{"start":{"line":103,"column":0},"end":{"line":103,"column":30}},"103":{"start":{"line":104,"column":0},"end":{"line":104,"column":26}},"104":{"start":{"line":105,"column":0},"end":{"line":105,"column":33}},"105":{"start":{"line":106,"column":0},"end":{"line":106,"column":30}},"106":{"start":{"line":107,"column":0},"end":{"line":107,"column":23}},"107":{"start":{"line":108,"column":0},"end":{"line":108,"column":6}},"108":{"start":{"line":109,"column":0},"end":{"line":109,"column":45}},"110":{"start":{"line":111,"column":0},"end":{"line":111,"column":30}},"111":{"start":{"line":112,"column":0},"end":{"line":112,"column":25}},"112":{"start":{"line":113,"column":0},"end":{"line":113,"column":33}},"113":{"start":{"line":114,"column":0},"end":{"line":114,"column":31}},"114":{"start":{"line":115,"column":0},"end":{"line":115,"column":23}},"115":{"start":{"line":116,"column":0},"end":{"line":116,"column":6}},"116":{"start":{"line":117,"column":0},"end":{"line":117,"column":10}},"118":{"start":{"line":119,"column":0},"end":{"line":119,"column":30}},"119":{"start":{"line":120,"column":0},"end":{"line":120,"column":26}},"120":{"start":{"line":121,"column":0},"end":{"line":121,"column":32}},"121":{"start":{"line":122,"column":0},"end":{"line":122,"column":31}},"122":{"start":{"line":123,"column":0},"end":{"line":123,"column":23}},"123":{"start":{"line":124,"column":0},"end":{"line":124,"column":6}},"124":{"start":{"line":125,"column":0},"end":{"line":125,"column":3}},"126":{"start":{"line":127,"column":0},"end":{"line":127,"column":10}},"127":{"start":{"line":128,"column":0},"end":{"line":128,"column":17}},"128":{"start":{"line":129,"column":0},"end":{"line":129,"column":13}},"129":{"start":{"line":130,"column":0},"end":{"line":130,"column":26}},"130":{"start":{"line":131,"column":0},"end":{"line":131,"column":36}},"131":{"start":{"line":132,"column":0},"end":{"line":132,"column":32}},"132":{"start":{"line":133,"column":0},"end":{"line":133,"column":29}},"133":{"start":{"line":134,"column":0},"end":{"line":134,"column":6}},"134":{"start":{"line":135,"column":0},"end":{"line":135,"column":14}},"135":{"start":{"line":136,"column":0},"end":{"line":136,"column":16}},"136":{"start":{"line":137,"column":0},"end":{"line":137,"column":4}},"137":{"start":{"line":138,"column":0},"end":{"line":138,"column":1}},"139":{"start":{"line":140,"column":0},"end":{"line":140,"column":24}},"140":{"start":{"line":141,"column":0},"end":{"line":141,"column":17}},"141":{"start":{"line":142,"column":0},"end":{"line":142,"column":31}},"142":{"start":{"line":143,"column":0},"end":{"line":143,"column":22}},"143":{"start":{"line":144,"column":0},"end":{"line":144,"column":24}},"144":{"start":{"line":145,"column":0},"end":{"line":145,"column":11}},"145":{"start":{"line":146,"column":0},"end":{"line":146,"column":31}},"146":{"start":{"line":147,"column":0},"end":{"line":147,"column":51}},"148":{"start":{"line":149,"column":0},"end":{"line":149,"column":39}},"149":{"start":{"line":150,"column":0},"end":{"line":150,"column":33}},"150":{"start":{"line":151,"column":0},"end":{"line":151,"column":15}},"151":{"start":{"line":152,"column":0},"end":{"line":152,"column":34}},"152":{"start":{"line":153,"column":0},"end":{"line":153,"column":50}},"153":{"start":{"line":154,"column":0},"end":{"line":154,"column":14}},"154":{"start":{"line":155,"column":0},"end":{"line":155,"column":28}},"155":{"start":{"line":156,"column":0},"end":{"line":156,"column":44}},"156":{"start":{"line":157,"column":0},"end":{"line":157,"column":14}},"157":{"start":{"line":158,"column":0},"end":{"line":158,"column":34}},"158":{"start":{"line":159,"column":0},"end":{"line":159,"column":49}},"159":{"start":{"line":160,"column":0},"end":{"line":160,"column":14}},"160":{"start":{"line":161,"column":0},"end":{"line":161,"column":28}},"161":{"start":{"line":162,"column":0},"end":{"line":162,"column":45}},"162":{"start":{"line":163,"column":0},"end":{"line":163,"column":14}},"163":{"start":{"line":164,"column":0},"end":{"line":164,"column":3}},"165":{"start":{"line":166,"column":0},"end":{"line":166,"column":12}},"166":{"start":{"line":167,"column":0},"end":{"line":167,"column":1}},"168":{"start":{"line":169,"column":0},"end":{"line":169,"column":29}},"169":{"start":{"line":170,"column":0},"end":{"line":170,"column":17}},"170":{"start":{"line":171,"column":0},"end":{"line":171,"column":22}},"171":{"start":{"line":172,"column":0},"end":{"line":172,"column":24}},"172":{"start":{"line":173,"column":0},"end":{"line":173,"column":11}},"173":{"start":{"line":174,"column":0},"end":{"line":174,"column":26}},"176":{"start":{"line":177,"column":0},"end":{"line":177,"column":40}},"177":{"start":{"line":178,"column":0},"end":{"line":178,"column":19}},"178":{"start":{"line":179,"column":0},"end":{"line":179,"column":16}},"179":{"start":{"line":180,"column":0},"end":{"line":180,"column":36}},"180":{"start":{"line":181,"column":0},"end":{"line":181,"column":10}},"181":{"start":{"line":182,"column":0},"end":{"line":182,"column":57}},"182":{"start":{"line":183,"column":0},"end":{"line":183,"column":3}},"185":{"start":{"line":186,"column":0},"end":{"line":186,"column":29}},"186":{"start":{"line":187,"column":0},"end":{"line":187,"column":47}},"187":{"start":{"line":188,"column":0},"end":{"line":188,"column":31}},"188":{"start":{"line":189,"column":0},"end":{"line":189,"column":27}},"189":{"start":{"line":190,"column":0},"end":{"line":190,"column":5}},"190":{"start":{"line":191,"column":0},"end":{"line":191,"column":3}},"192":{"start":{"line":193,"column":0},"end":{"line":193,"column":32}},"193":{"start":{"line":194,"column":0},"end":{"line":194,"column":16}},"194":{"start":{"line":195,"column":0},"end":{"line":195,"column":42}},"195":{"start":{"line":196,"column":0},"end":{"line":196,"column":40}},"196":{"start":{"line":197,"column":0},"end":{"line":197,"column":16}},"197":{"start":{"line":198,"column":0},"end":{"line":198,"column":10}},"198":{"start":{"line":199,"column":0},"end":{"line":199,"column":48}},"199":{"start":{"line":200,"column":0},"end":{"line":200,"column":3}},"201":{"start":{"line":202,"column":0},"end":{"line":202,"column":30}},"202":{"start":{"line":203,"column":0},"end":{"line":203,"column":1}},"204":{"start":{"line":205,"column":0},"end":{"line":205,"column":27}},"205":{"start":{"line":206,"column":0},"end":{"line":206,"column":17}},"206":{"start":{"line":207,"column":0},"end":{"line":207,"column":22}},"207":{"start":{"line":208,"column":0},"end":{"line":208,"column":24}},"208":{"start":{"line":209,"column":0},"end":{"line":209,"column":11}},"209":{"start":{"line":210,"column":0},"end":{"line":210,"column":26}},"212":{"start":{"line":213,"column":0},"end":{"line":213,"column":27}},"213":{"start":{"line":214,"column":0},"end":{"line":214,"column":45}},"214":{"start":{"line":215,"column":0},"end":{"line":215,"column":31}},"215":{"start":{"line":216,"column":0},"end":{"line":216,"column":25}},"216":{"start":{"line":217,"column":0},"end":{"line":217,"column":5}},"217":{"start":{"line":218,"column":0},"end":{"line":218,"column":3}},"219":{"start":{"line":220,"column":0},"end":{"line":220,"column":30}},"220":{"start":{"line":221,"column":0},"end":{"line":221,"column":16}},"221":{"start":{"line":222,"column":0},"end":{"line":222,"column":38}},"222":{"start":{"line":223,"column":0},"end":{"line":223,"column":37}},"223":{"start":{"line":224,"column":0},"end":{"line":224,"column":16}},"224":{"start":{"line":225,"column":0},"end":{"line":225,"column":33}},"225":{"start":{"line":226,"column":0},"end":{"line":226,"column":38}},"226":{"start":{"line":227,"column":0},"end":{"line":227,"column":16}},"227":{"start":{"line":228,"column":0},"end":{"line":228,"column":10}},"228":{"start":{"line":229,"column":0},"end":{"line":229,"column":60}},"229":{"start":{"line":230,"column":0},"end":{"line":230,"column":3}},"232":{"start":{"line":233,"column":0},"end":{"line":233,"column":79}},"233":{"start":{"line":234,"column":0},"end":{"line":234,"column":22}},"234":{"start":{"line":235,"column":0},"end":{"line":235,"column":16}},"235":{"start":{"line":236,"column":0},"end":{"line":236,"column":3}},"237":{"start":{"line":238,"column":0},"end":{"line":238,"column":30}},"238":{"start":{"line":239,"column":0},"end":{"line":239,"column":1}},"240":{"start":{"line":241,"column":0},"end":{"line":241,"column":30}},"241":{"start":{"line":242,"column":0},"end":{"line":242,"column":17}},"242":{"start":{"line":243,"column":0},"end":{"line":243,"column":31}},"243":{"start":{"line":244,"column":0},"end":{"line":244,"column":22}},"244":{"start":{"line":245,"column":0},"end":{"line":245,"column":24}},"245":{"start":{"line":246,"column":0},"end":{"line":246,"column":11}},"246":{"start":{"line":247,"column":0},"end":{"line":247,"column":37}},"249":{"start":{"line":250,"column":0},"end":{"line":250,"column":68}},"250":{"start":{"line":251,"column":0},"end":{"line":251,"column":37}},"251":{"start":{"line":252,"column":0},"end":{"line":252,"column":33}},"252":{"start":{"line":253,"column":0},"end":{"line":253,"column":36}},"253":{"start":{"line":254,"column":0},"end":{"line":254,"column":14}},"254":{"start":{"line":255,"column":0},"end":{"line":255,"column":7}},"255":{"start":{"line":256,"column":0},"end":{"line":256,"column":5}},"256":{"start":{"line":257,"column":0},"end":{"line":257,"column":3}},"258":{"start":{"line":259,"column":0},"end":{"line":259,"column":53}},"259":{"start":{"line":260,"column":0},"end":{"line":260,"column":45}},"262":{"start":{"line":263,"column":0},"end":{"line":263,"column":32}},"265":{"start":{"line":266,"column":0},"end":{"line":266,"column":39}},"266":{"start":{"line":267,"column":0},"end":{"line":267,"column":29}},"267":{"start":{"line":268,"column":0},"end":{"line":268,"column":58}},"268":{"start":{"line":269,"column":0},"end":{"line":269,"column":18}},"269":{"start":{"line":270,"column":0},"end":{"line":270,"column":35}},"270":{"start":{"line":271,"column":0},"end":{"line":271,"column":56}},"271":{"start":{"line":272,"column":0},"end":{"line":272,"column":71}},"272":{"start":{"line":273,"column":0},"end":{"line":273,"column":42}},"273":{"start":{"line":274,"column":0},"end":{"line":274,"column":8}},"274":{"start":{"line":275,"column":0},"end":{"line":275,"column":53}},"275":{"start":{"line":276,"column":0},"end":{"line":276,"column":24}},"276":{"start":{"line":277,"column":0},"end":{"line":277,"column":19}},"277":{"start":{"line":278,"column":0},"end":{"line":278,"column":21}},"278":{"start":{"line":279,"column":0},"end":{"line":279,"column":20}},"279":{"start":{"line":280,"column":0},"end":{"line":280,"column":8}},"280":{"start":{"line":281,"column":0},"end":{"line":281,"column":24}},"281":{"start":{"line":282,"column":0},"end":{"line":282,"column":79}},"282":{"start":{"line":283,"column":0},"end":{"line":283,"column":8}},"283":{"start":{"line":284,"column":0},"end":{"line":284,"column":12}},"284":{"start":{"line":285,"column":0},"end":{"line":285,"column":58}},"285":{"start":{"line":286,"column":0},"end":{"line":286,"column":5}},"286":{"start":{"line":287,"column":0},"end":{"line":287,"column":10}},"288":{"start":{"line":289,"column":0},"end":{"line":289,"column":28}},"289":{"start":{"line":290,"column":0},"end":{"line":290,"column":43}},"290":{"start":{"line":291,"column":0},"end":{"line":291,"column":35}},"292":{"start":{"line":293,"column":0},"end":{"line":293,"column":35}},"293":{"start":{"line":294,"column":0},"end":{"line":294,"column":58}},"294":{"start":{"line":295,"column":0},"end":{"line":295,"column":5}},"295":{"start":{"line":296,"column":0},"end":{"line":296,"column":3}},"297":{"start":{"line":298,"column":0},"end":{"line":298,"column":30}},"298":{"start":{"line":299,"column":0},"end":{"line":299,"column":1}},"303":{"start":{"line":304,"column":0},"end":{"line":304,"column":53}},"304":{"start":{"line":305,"column":0},"end":{"line":305,"column":28}},"305":{"start":{"line":306,"column":0},"end":{"line":306,"column":28}},"306":{"start":{"line":307,"column":0},"end":{"line":307,"column":28}},"307":{"start":{"line":308,"column":0},"end":{"line":308,"column":28}},"308":{"start":{"line":309,"column":0},"end":{"line":309,"column":11}},"309":{"start":{"line":310,"column":0},"end":{"line":310,"column":1}},"314":{"start":{"line":315,"column":0},"end":{"line":315,"column":53}},"315":{"start":{"line":316,"column":0},"end":{"line":316,"column":34}},"316":{"start":{"line":317,"column":0},"end":{"line":317,"column":31}},"317":{"start":{"line":318,"column":0},"end":{"line":318,"column":33}},"318":{"start":{"line":319,"column":0},"end":{"line":319,"column":36}},"319":{"start":{"line":320,"column":0},"end":{"line":320,"column":15}},"320":{"start":{"line":321,"column":0},"end":{"line":321,"column":1}}},"s":{"24":1,"25":1,"26":1,"27":1,"28":1,"31":1,"32":1,"33":1,"34":1,"35":1,"36":1,"37":1,"38":1,"39":1,"40":1,"41":1,"42":1,"43":1,"44":1,"45":1,"46":1,"47":1,"48":1,"49":1,"50":1,"51":1,"52":1,"55":1,"56":1,"57":1,"58":1,"59":1,"60":1,"63":1,"64":1,"65":1,"66":1,"67":1,"68":1,"69":1,"74":1,"75":25,"76":25,"77":25,"78":25,"79":25,"82":25,"85":25,"88":25,"91":25,"92":25,"93":25,"94":25,"95":25,"96":25,"99":25,"100":25,"102":7,"103":7,"104":7,"105":7,"106":7,"107":7,"108":25,"110":3,"111":3,"112":3,"113":3,"114":3,"115":3,"116":18,"118":15,"119":15,"120":15,"121":15,"122":15,"123":15,"124":15,"126":25,"127":25,"128":25,"129":25,"130":25,"131":25,"132":25,"133":25,"134":25,"135":25,"136":25,"137":25,"139":25,"140":25,"141":25,"142":25,"143":25,"144":25,"145":25,"146":25,"148":25,"149":9,"150":9,"151":21,"152":11,"153":11,"154":16,"155":1,"156":1,"157":5,"158":4,"159":4,"160":4,"161":0,"162":0,"163":0,"165":0,"166":0,"168":25,"169":25,"170":25,"171":25,"172":25,"173":25,"176":25,"177":25,"178":14,"179":14,"180":21,"181":11,"182":11,"185":25,"186":25,"187":100,"188":16,"189":16,"190":100,"192":25,"193":1,"194":1,"195":25,"196":14,"197":24,"198":10,"199":10,"201":25,"202":25,"204":25,"205":25,"206":25,"207":25,"208":25,"209":25,"212":25,"213":25,"214":125,"215":25,"216":25,"217":125,"219":25,"220":7,"221":7,"222":25,"223":1,"224":1,"225":18,"226":2,"227":17,"228":15,"229":15,"232":25,"233":25,"234":13,"235":13,"237":25,"238":25,"240":25,"241":25,"242":25,"243":25,"244":25,"245":25,"246":25,"249":25,"250":100,"251":216,"252":43,"253":43,"254":43,"255":216,"256":100,"258":25,"259":25,"262":25,"265":25,"266":7,"267":2,"268":2,"269":6,"270":1,"271":1,"272":1,"273":1,"274":1,"275":1,"276":1,"277":1,"278":1,"279":1,"280":1,"281":1,"282":1,"283":5,"284":4,"285":4,"286":25,"288":18,"289":4,"290":18,"292":12,"293":9,"294":9,"295":18,"297":25,"298":25,"303":1,"304":21,"305":21,"306":21,"307":21,"308":5,"309":5,"314":1,"315":15,"316":15,"317":15,"318":15,"319":3,"320":3},"branchMap":{"0":{"type":"branch","line":75,"loc":{"start":{"line":75,"column":7},"end":{"line":138,"column":1}},"locations":[{"start":{"line":75,"column":7},"end":{"line":138,"column":1}}]},"1":{"type":"branch","line":101,"loc":{"start":{"line":101,"column":38},"end":{"line":109,"column":13}},"locations":[{"start":{"line":101,"column":38},"end":{"line":109,"column":13}}]},"2":{"type":"branch","line":109,"loc":{"start":{"line":109,"column":2},"end":{"line":125,"column":3}},"locations":[{"start":{"line":109,"column":2},"end":{"line":125,"column":3}}]},"3":{"type":"branch","line":109,"loc":{"start":{"line":109,"column":44},"end":{"line":117,"column":9}},"locations":[{"start":{"line":109,"column":44},"end":{"line":117,"column":9}}]},"4":{"type":"branch","line":117,"loc":{"start":{"line":117,"column":2},"end":{"line":125,"column":3}},"locations":[{"start":{"line":117,"column":2},"end":{"line":125,"column":3}}]},"5":{"type":"branch","line":140,"loc":{"start":{"line":140,"column":0},"end":{"line":167,"column":1}},"locations":[{"start":{"line":140,"column":0},"end":{"line":167,"column":1}}]},"6":{"type":"branch","line":149,"loc":{"start":{"line":149,"column":16},"end":{"line":149,"column":38}},"locations":[{"start":{"line":149,"column":16},"end":{"line":149,"column":38}}]},"7":{"type":"branch","line":149,"loc":{"start":{"line":149,"column":38},"end":{"line":164,"column":3}},"locations":[{"start":{"line":149,"column":38},"end":{"line":164,"column":3}}]},"8":{"type":"branch","line":149,"loc":{"start":{"line":149,"column":38},"end":{"line":152,"column":13}},"locations":[{"start":{"line":149,"column":38},"end":{"line":152,"column":13}}]},"9":{"type":"branch","line":152,"loc":{"start":{"line":152,"column":2},"end":{"line":164,"column":3}},"locations":[{"start":{"line":152,"column":2},"end":{"line":164,"column":3}}]},"10":{"type":"branch","line":152,"loc":{"start":{"line":152,"column":33},"end":{"line":155,"column":13}},"locations":[{"start":{"line":152,"column":33},"end":{"line":155,"column":13}}]},"11":{"type":"branch","line":155,"loc":{"start":{"line":155,"column":2},"end":{"line":164,"column":3}},"locations":[{"start":{"line":155,"column":2},"end":{"line":164,"column":3}}]},"12":{"type":"branch","line":155,"loc":{"start":{"line":155,"column":27},"end":{"line":158,"column":13}},"locations":[{"start":{"line":155,"column":27},"end":{"line":158,"column":13}}]},"13":{"type":"branch","line":158,"loc":{"start":{"line":158,"column":2},"end":{"line":164,"column":3}},"locations":[{"start":{"line":158,"column":2},"end":{"line":164,"column":3}}]},"14":{"type":"branch","line":161,"loc":{"start":{"line":161,"column":2},"end":{"line":164,"column":3}},"locations":[{"start":{"line":161,"column":2},"end":{"line":164,"column":3}}]},"15":{"type":"branch","line":164,"loc":{"start":{"line":164,"column":2},"end":{"line":167,"column":1}},"locations":[{"start":{"line":164,"column":2},"end":{"line":167,"column":1}}]},"16":{"type":"branch","line":169,"loc":{"start":{"line":169,"column":0},"end":{"line":203,"column":1}},"locations":[{"start":{"line":169,"column":0},"end":{"line":203,"column":1}}]},"17":{"type":"branch","line":178,"loc":{"start":{"line":178,"column":18},"end":{"line":183,"column":3}},"locations":[{"start":{"line":178,"column":18},"end":{"line":183,"column":3}}]},"18":{"type":"branch","line":178,"loc":{"start":{"line":178,"column":18},"end":{"line":181,"column":9}},"locations":[{"start":{"line":178,"column":18},"end":{"line":181,"column":9}}]},"19":{"type":"branch","line":181,"loc":{"start":{"line":181,"column":2},"end":{"line":183,"column":3}},"locations":[{"start":{"line":181,"column":2},"end":{"line":183,"column":3}}]},"20":{"type":"branch","line":187,"loc":{"start":{"line":187,"column":46},"end":{"line":191,"column":3}},"locations":[{"start":{"line":187,"column":46},"end":{"line":191,"column":3}}]},"21":{"type":"branch","line":188,"loc":{"start":{"line":188,"column":30},"end":{"line":190,"column":5}},"locations":[{"start":{"line":188,"column":30},"end":{"line":190,"column":5}}]},"22":{"type":"branch","line":193,"loc":{"start":{"line":193,"column":31},"end":{"line":196,"column":13}},"locations":[{"start":{"line":193,"column":31},"end":{"line":196,"column":13}}]},"23":{"type":"branch","line":196,"loc":{"start":{"line":196,"column":2},"end":{"line":200,"column":3}},"locations":[{"start":{"line":196,"column":2},"end":{"line":200,"column":3}}]},"24":{"type":"branch","line":196,"loc":{"start":{"line":196,"column":39},"end":{"line":198,"column":9}},"locations":[{"start":{"line":196,"column":39},"end":{"line":198,"column":9}}]},"25":{"type":"branch","line":198,"loc":{"start":{"line":198,"column":2},"end":{"line":200,"column":3}},"locations":[{"start":{"line":198,"column":2},"end":{"line":200,"column":3}}]},"26":{"type":"branch","line":205,"loc":{"start":{"line":205,"column":0},"end":{"line":239,"column":1}},"locations":[{"start":{"line":205,"column":0},"end":{"line":239,"column":1}}]},"27":{"type":"branch","line":214,"loc":{"start":{"line":214,"column":44},"end":{"line":218,"column":3}},"locations":[{"start":{"line":214,"column":44},"end":{"line":218,"column":3}}]},"28":{"type":"branch","line":215,"loc":{"start":{"line":215,"column":30},"end":{"line":217,"column":5}},"locations":[{"start":{"line":215,"column":30},"end":{"line":217,"column":5}}]},"29":{"type":"branch","line":220,"loc":{"start":{"line":220,"column":29},"end":{"line":223,"column":13}},"locations":[{"start":{"line":220,"column":29},"end":{"line":223,"column":13}}]},"30":{"type":"branch","line":223,"loc":{"start":{"line":223,"column":2},"end":{"line":230,"column":3}},"locations":[{"start":{"line":223,"column":2},"end":{"line":230,"column":3}}]},"31":{"type":"branch","line":223,"loc":{"start":{"line":223,"column":36},"end":{"line":226,"column":13}},"locations":[{"start":{"line":223,"column":36},"end":{"line":226,"column":13}}]},"32":{"type":"branch","line":226,"loc":{"start":{"line":226,"column":2},"end":{"line":230,"column":3}},"locations":[{"start":{"line":226,"column":2},"end":{"line":230,"column":3}}]},"33":{"type":"branch","line":226,"loc":{"start":{"line":226,"column":37},"end":{"line":228,"column":9}},"locations":[{"start":{"line":226,"column":37},"end":{"line":228,"column":9}}]},"34":{"type":"branch","line":228,"loc":{"start":{"line":228,"column":2},"end":{"line":230,"column":3}},"locations":[{"start":{"line":228,"column":2},"end":{"line":230,"column":3}}]},"35":{"type":"branch","line":233,"loc":{"start":{"line":233,"column":44},"end":{"line":233,"column":79}},"locations":[{"start":{"line":233,"column":44},"end":{"line":233,"column":79}}]},"36":{"type":"branch","line":234,"loc":{"start":{"line":234,"column":21},"end":{"line":236,"column":3}},"locations":[{"start":{"line":234,"column":21},"end":{"line":236,"column":3}}]},"37":{"type":"branch","line":241,"loc":{"start":{"line":241,"column":0},"end":{"line":299,"column":1}},"locations":[{"start":{"line":241,"column":0},"end":{"line":299,"column":1}}]},"38":{"type":"branch","line":250,"loc":{"start":{"line":250,"column":67},"end":{"line":257,"column":3}},"locations":[{"start":{"line":250,"column":67},"end":{"line":257,"column":3}}]},"39":{"type":"branch","line":251,"loc":{"start":{"line":251,"column":36},"end":{"line":256,"column":5}},"locations":[{"start":{"line":251,"column":36},"end":{"line":256,"column":5}}]},"40":{"type":"branch","line":252,"loc":{"start":{"line":252,"column":32},"end":{"line":255,"column":7}},"locations":[{"start":{"line":252,"column":32},"end":{"line":255,"column":7}}]},"41":{"type":"branch","line":266,"loc":{"start":{"line":266,"column":38},"end":{"line":287,"column":9}},"locations":[{"start":{"line":266,"column":38},"end":{"line":287,"column":9}}]},"42":{"type":"branch","line":267,"loc":{"start":{"line":267,"column":28},"end":{"line":286,"column":5}},"locations":[{"start":{"line":267,"column":28},"end":{"line":286,"column":5}}]},"43":{"type":"branch","line":267,"loc":{"start":{"line":267,"column":28},"end":{"line":270,"column":15}},"locations":[{"start":{"line":267,"column":28},"end":{"line":270,"column":15}}]},"44":{"type":"branch","line":270,"loc":{"start":{"line":270,"column":4},"end":{"line":286,"column":5}},"locations":[{"start":{"line":270,"column":4},"end":{"line":286,"column":5}}]},"45":{"type":"branch","line":270,"loc":{"start":{"line":270,"column":34},"end":{"line":284,"column":11}},"locations":[{"start":{"line":270,"column":34},"end":{"line":284,"column":11}}]},"46":{"type":"branch","line":284,"loc":{"start":{"line":284,"column":4},"end":{"line":286,"column":5}},"locations":[{"start":{"line":284,"column":4},"end":{"line":286,"column":5}}]},"47":{"type":"branch","line":287,"loc":{"start":{"line":287,"column":2},"end":{"line":296,"column":3}},"locations":[{"start":{"line":287,"column":2},"end":{"line":296,"column":3}}]},"48":{"type":"branch","line":289,"loc":{"start":{"line":289,"column":27},"end":{"line":291,"column":15}},"locations":[{"start":{"line":289,"column":27},"end":{"line":291,"column":15}}]},"49":{"type":"branch","line":291,"loc":{"start":{"line":291,"column":4},"end":{"line":295,"column":5}},"locations":[{"start":{"line":291,"column":4},"end":{"line":295,"column":5}}]},"50":{"type":"branch","line":291,"loc":{"start":{"line":291,"column":34},"end":{"line":295,"column":5}},"locations":[{"start":{"line":291,"column":34},"end":{"line":295,"column":5}}]},"51":{"type":"branch","line":291,"loc":{"start":{"line":291,"column":34},"end":{"line":293,"column":15}},"locations":[{"start":{"line":291,"column":34},"end":{"line":293,"column":15}}]},"52":{"type":"branch","line":293,"loc":{"start":{"line":293,"column":4},"end":{"line":295,"column":5}},"locations":[{"start":{"line":293,"column":4},"end":{"line":295,"column":5}}]},"53":{"type":"branch","line":273,"loc":{"start":{"line":273,"column":8},"end":{"line":273,"column":42}},"locations":[{"start":{"line":273,"column":8},"end":{"line":273,"column":42}}]},"54":{"type":"branch","line":282,"loc":{"start":{"line":282,"column":30},"end":{"line":282,"column":53}},"locations":[{"start":{"line":282,"column":30},"end":{"line":282,"column":53}}]},"55":{"type":"branch","line":304,"loc":{"start":{"line":304,"column":7},"end":{"line":310,"column":1}},"locations":[{"start":{"line":304,"column":7},"end":{"line":310,"column":1}}]},"56":{"type":"branch","line":305,"loc":{"start":{"line":305,"column":19},"end":{"line":305,"column":28}},"locations":[{"start":{"line":305,"column":19},"end":{"line":305,"column":28}}]},"57":{"type":"branch","line":305,"loc":{"start":{"line":305,"column":26},"end":{"line":306,"column":26}},"locations":[{"start":{"line":305,"column":26},"end":{"line":306,"column":26}}]},"58":{"type":"branch","line":306,"loc":{"start":{"line":306,"column":19},"end":{"line":306,"column":28}},"locations":[{"start":{"line":306,"column":19},"end":{"line":306,"column":28}}]},"59":{"type":"branch","line":306,"loc":{"start":{"line":306,"column":26},"end":{"line":307,"column":26}},"locations":[{"start":{"line":306,"column":26},"end":{"line":307,"column":26}}]},"60":{"type":"branch","line":307,"loc":{"start":{"line":307,"column":19},"end":{"line":307,"column":28}},"locations":[{"start":{"line":307,"column":19},"end":{"line":307,"column":28}}]},"61":{"type":"branch","line":307,"loc":{"start":{"line":307,"column":26},"end":{"line":308,"column":26}},"locations":[{"start":{"line":307,"column":26},"end":{"line":308,"column":26}}]},"62":{"type":"branch","line":308,"loc":{"start":{"line":308,"column":19},"end":{"line":310,"column":1}},"locations":[{"start":{"line":308,"column":19},"end":{"line":310,"column":1}}]},"63":{"type":"branch","line":308,"loc":{"start":{"line":308,"column":19},"end":{"line":308,"column":28}},"locations":[{"start":{"line":308,"column":19},"end":{"line":308,"column":28}}]},"64":{"type":"branch","line":308,"loc":{"start":{"line":308,"column":26},"end":{"line":310,"column":1}},"locations":[{"start":{"line":308,"column":26},"end":{"line":310,"column":1}}]},"65":{"type":"branch","line":315,"loc":{"start":{"line":315,"column":7},"end":{"line":321,"column":1}},"locations":[{"start":{"line":315,"column":7},"end":{"line":321,"column":1}}]},"66":{"type":"branch","line":316,"loc":{"start":{"line":316,"column":19},"end":{"line":316,"column":34}},"locations":[{"start":{"line":316,"column":19},"end":{"line":316,"column":34}}]},"67":{"type":"branch","line":316,"loc":{"start":{"line":316,"column":26},"end":{"line":317,"column":26}},"locations":[{"start":{"line":316,"column":26},"end":{"line":317,"column":26}}]},"68":{"type":"branch","line":317,"loc":{"start":{"line":317,"column":19},"end":{"line":317,"column":31}},"locations":[{"start":{"line":317,"column":19},"end":{"line":317,"column":31}}]},"69":{"type":"branch","line":317,"loc":{"start":{"line":317,"column":26},"end":{"line":318,"column":26}},"locations":[{"start":{"line":317,"column":26},"end":{"line":318,"column":26}}]},"70":{"type":"branch","line":318,"loc":{"start":{"line":318,"column":19},"end":{"line":318,"column":33}},"locations":[{"start":{"line":318,"column":19},"end":{"line":318,"column":33}}]},"71":{"type":"branch","line":318,"loc":{"start":{"line":318,"column":26},"end":{"line":319,"column":26}},"locations":[{"start":{"line":318,"column":26},"end":{"line":319,"column":26}}]},"72":{"type":"branch","line":319,"loc":{"start":{"line":319,"column":19},"end":{"line":321,"column":1}},"locations":[{"start":{"line":319,"column":19},"end":{"line":321,"column":1}}]}},"b":{"0":[25],"1":[7],"2":[18],"3":[3],"4":[15],"5":[25],"6":[13],"7":[21],"8":[9],"9":[16],"10":[11],"11":[5],"12":[1],"13":[4],"14":[0],"15":[0],"16":[25],"17":[21],"18":[14],"19":[11],"20":[100],"21":[16],"22":[1],"23":[24],"24":[14],"25":[10],"26":[25],"27":[125],"28":[25],"29":[7],"30":[18],"31":[1],"32":[17],"33":[2],"34":[15],"35":[16],"36":[13],"37":[25],"38":[100],"39":[216],"40":[43],"41":[7],"42":[6],"43":[2],"44":[5],"45":[1],"46":[4],"47":[18],"48":[4],"49":[14],"50":[12],"51":[5],"52":[9],"53":[4],"54":[1],"55":[21],"56":[4],"57":[17],"58":[4],"59":[13],"60":[4],"61":[9],"62":[13],"63":[4],"64":[5],"65":[15],"66":[3],"67":[12],"68":[3],"69":[9],"70":[3],"71":[6],"72":[3]},"fnMap":{"0":{"name":"evaluateAnswer","decl":{"start":{"line":75,"column":7},"end":{"line":138,"column":1}},"loc":{"start":{"line":75,"column":7},"end":{"line":138,"column":1}},"line":75},"1":{"name":"evaluateLength","decl":{"start":{"line":140,"column":0},"end":{"line":167,"column":1}},"loc":{"start":{"line":140,"column":0},"end":{"line":167,"column":1}},"line":140},"2":{"name":"evaluateSpecificity","decl":{"start":{"line":169,"column":0},"end":{"line":203,"column":1}},"loc":{"start":{"line":169,"column":0},"end":{"line":203,"column":1}},"line":169},"3":{"name":"evaluateStructure","decl":{"start":{"line":205,"column":0},"end":{"line":239,"column":1}},"loc":{"start":{"line":205,"column":0},"end":{"line":239,"column":1}},"line":205},"4":{"name":"evaluateStarElements","decl":{"start":{"line":241,"column":0},"end":{"line":299,"column":1}},"loc":{"start":{"line":241,"column":0},"end":{"line":299,"column":1}},"line":241},"5":{"name":"scoreToLevel","decl":{"start":{"line":304,"column":7},"end":{"line":310,"column":1}},"loc":{"start":{"line":304,"column":7},"end":{"line":310,"column":1}},"line":304},"6":{"name":"scoreToLabel","decl":{"start":{"line":315,"column":7},"end":{"line":321,"column":1}},"loc":{"start":{"line":315,"column":7},"end":{"line":321,"column":1}},"line":315}},"f":{"0":25,"1":25,"2":25,"3":25,"4":25,"5":21,"6":15}}
,"/Users/tanasho/Desktop/作成中ポートフォリオデータ/ai-skill-map-generator/lib/apiClient.ts": {"path":"/Users/tanasho/Desktop/作成中ポートフォリオデータ/ai-skill-map-generator/lib/apiClient.ts","all":true,"statementMap":{"0":{"start":{"line":1,"column":0},"end":{"line":1,"column":36}},"1":{"start":{"line":2,"column":0},"end":{"line":2,"column":0}},"2":{"start":{"line":3,"column":0},"end":{"line":3,"column":49}},"3":{"start":{"line":4,"column":0},"end":{"line":4,"column":14}},"4":{"start":{"line":5,"column":0},"end":{"line":5,"column":13}},"5":{"start":{"line":6,"column":0},"end":{"line":6,"column":23}},"6":{"start":{"line":7,"column":0},"end":{"line":7,"column":32}},"7":{"start":{"line":8,"column":0},"end":{"line":8,"column":19}},"8":{"start":{"line":9,"column":0},"end":{"line":9,"column":52}},"9":{"start":{"line":10,"column":0},"end":{"line":10,"column":30}},"10":{"start":{"line":11,"column":0},"end":{"line":11,"column":5}},"11":{"start":{"line":12,"column":0},"end":{"line":12,"column":0}},"12":{"start":{"line":13,"column":0},"end":{"line":13,"column":23}},"13":{"start":{"line":14,"column":0},"end":{"line":14,"column":7}},"14":{"start":{"line":15,"column":0},"end":{"line":15,"column":28}},"15":{"start":{"line":16,"column":0},"end":{"line":16,"column":11}},"16":{"start":{"line":17,"column":0},"end":{"line":17,"column":34}},"17":{"start":{"line":18,"column":0},"end":{"line":18,"column":3}},"18":{"start":{"line":19,"column":0},"end":{"line":19,"column":0}},"19":{"start":{"line":20,"column":0},"end":{"line":20,"column":16}},"20":{"start":{"line":21,"column":0},"end":{"line":21,"column":27}},"21":{"start":{"line":22,"column":0},"end":{"line":22,"column":63}},"22":{"start":{"line":23,"column":0},"end":{"line":23,"column":26}},"23":{"start":{"line":24,"column":0},"end":{"line":24,"column":29}},"24":{"start":{"line":25,"column":0},"end":{"line":25,"column":3}},"25":{"start":{"line":26,"column":0},"end":{"line":26,"column":0}},"26":{"start":{"line":27,"column":0},"end":{"line":27,"column":27}},"27":{"start":{"line":28,"column":0},"end":{"line":28,"column":1}}},"s":{"0":0,"1":0,"2":0,"3":0,"4":0,"5":0,"6":0,"7":0,"8":0,"9":0,"10":0,"11":0,"12":0,"13":0,"14":0,"15":0,"16":0,"17":0,"18":0,"19":0,"20":0,"21":0,"22":0,"23":0,"24":0,"25":0,"26":0,"27":0},"branchMap":{"0":{"type":"branch","line":1,"loc":{"start":{"line":1,"column":0},"end":{"line":28,"column":1}},"locations":[{"start":{"line":1,"column":0},"end":{"line":28,"column":1}}]}},"b":{"0":[0]},"fnMap":{"0":{"name":"(empty-report)","decl":{"start":{"line":1,"column":0},"end":{"line":28,"column":1}},"loc":{"start":{"line":1,"column":0},"end":{"line":28,"column":1}},"line":1}},"f":{"0":0}}
,"/Users/tanasho/Desktop/作成中ポートフォリオデータ/ai-skill-map-generator/lib/openaiClient.ts": {"path":"/Users/tanasho/Desktop/作成中ポートフォリオデータ/ai-skill-map-generator/lib/openaiClient.ts","all":true,"statementMap":{"0":{"start":{"line":1,"column":0},"end":{"line":1,"column":28}},"1":{"start":{"line":2,"column":0},"end":{"line":2,"column":0}},"2":{"start":{"line":3,"column":0},"end":{"line":3,"column":42}},"3":{"start":{"line":4,"column":0},"end":{"line":4,"column":0}},"4":{"start":{"line":5,"column":0},"end":{"line":5,"column":14}},"5":{"start":{"line":6,"column":0},"end":{"line":6,"column":58}},"6":{"start":{"line":7,"column":0},"end":{"line":7,"column":1}},"7":{"start":{"line":8,"column":0},"end":{"line":8,"column":0}},"8":{"start":{"line":9,"column":0},"end":{"line":9,"column":38}},"9":{"start":{"line":10,"column":0},"end":{"line":10,"column":16}},"10":{"start":{"line":11,"column":0},"end":{"line":11,"column":20}},"11":{"start":{"line":12,"column":0},"end":{"line":12,"column":53}},"12":{"start":{"line":13,"column":0},"end":{"line":13,"column":6}},"13":{"start":{"line":14,"column":0},"end":{"line":14,"column":3}},"14":{"start":{"line":15,"column":0},"end":{"line":15,"column":0}},"15":{"start":{"line":16,"column":0},"end":{"line":16,"column":21}},"16":{"start":{"line":17,"column":0},"end":{"line":17,"column":10}},"17":{"start":{"line":18,"column":0},"end":{"line":18,"column":5}},"18":{"start":{"line":19,"column":0},"end":{"line":19,"column":1}}},"s":{"0":0,"1":0,"2":0,"3":0,"4":0,"5":0,"6":0,"7":0,"8":0,"9":0,"10":0,"11":0,"12":0,"13":0,"14":0,"15":0,"16":0,"17":0,"18":0},"branchMap":{"0":{"type":"branch","line":1,"loc":{"start":{"line":1,"column":0},"end":{"line":19,"column":1}},"locations":[{"start":{"line":1,"column":0},"end":{"line":19,"column":1}}]}},"b":{"0":[0]},"fnMap":{"0":{"name":"(empty-report)","decl":{"start":{"line":1,"column":0},"end":{"line":19,"column":1}},"loc":{"start":{"line":1,"column":0},"end":{"line":19,"column":1}},"line":1}},"f":{"0":0}}
,"/Users/tanasho/Desktop/作成中ポートフォリオデータ/ai-skill-map-generator/lib/readiness.ts": {"path":"/Users/tanasho/Desktop/作成中ポートフォリオデータ/ai-skill-map-generator/lib/readiness.ts","all":false,"statementMap":{"12":{"start":{"line":13,"column":0},"end":{"line":13,"column":88}},"13":{"start":{"line":14,"column":0},"end":{"line":14,"column":9}},"14":{"start":{"line":15,"column":0},"end":{"line":15,"column":15}},"15":{"start":{"line":16,"column":0},"end":{"line":16,"column":18}},"16":{"start":{"line":17,"column":0},"end":{"line":17,"column":21}},"17":{"start":{"line":18,"column":0},"end":{"line":18,"column":18}},"18":{"start":{"line":19,"column":0},"end":{"line":19,"column":19}},"19":{"start":{"line":20,"column":0},"end":{"line":20,"column":13}},"20":{"start":{"line":21,"column":0},"end":{"line":21,"column":13}},"22":{"start":{"line":23,"column":0},"end":{"line":23,"column":18}},"23":{"start":{"line":24,"column":0},"end":{"line":24,"column":29}},"24":{"start":{"line":25,"column":0},"end":{"line":25,"column":28}},"25":{"start":{"line":26,"column":0},"end":{"line":26,"column":26}},"26":{"start":{"line":27,"column":0},"end":{"line":27,"column":23}},"27":{"start":{"line":28,"column":0},"end":{"line":28,"column":25}},"28":{"start":{"line":29,"column":0},"end":{"line":29,"column":4}},"30":{"start":{"line":31,"column":0},"end":{"line":31,"column":18}},"31":{"start":{"line":32,"column":0},"end":{"line":32,"column":50}},"32":{"start":{"line":33,"column":0},"end":{"line":33,"column":25}},"35":{"start":{"line":36,"column":0},"end":{"line":36,"column":68}},"38":{"start":{"line":39,"column":0},"end":{"line":39,"column":68}},"39":{"start":{"line":40,"column":0},"end":{"line":40,"column":62}},"42":{"start":{"line":43,"column":0},"end":{"line":43,"column":17}},"43":{"start":{"line":44,"column":0},"end":{"line":44,"column":27}},"44":{"start":{"line":45,"column":0},"end":{"line":45,"column":24}},"45":{"start":{"line":46,"column":0},"end":{"line":46,"column":24}},"46":{"start":{"line":47,"column":0},"end":{"line":47,"column":4}},"47":{"start":{"line":48,"column":0},"end":{"line":48,"column":66}},"48":{"start":{"line":49,"column":0},"end":{"line":49,"column":29}},"49":{"start":{"line":50,"column":0},"end":{"line":50,"column":6}},"50":{"start":{"line":51,"column":0},"end":{"line":51,"column":46}},"51":{"start":{"line":52,"column":0},"end":{"line":52,"column":4}},"54":{"start":{"line":55,"column":0},"end":{"line":55,"column":14}},"55":{"start":{"line":56,"column":0},"end":{"line":56,"column":77}},"57":{"start":{"line":58,"column":0},"end":{"line":58,"column":69}},"59":{"start":{"line":60,"column":0},"end":{"line":60,"column":54}},"60":{"start":{"line":61,"column":0},"end":{"line":61,"column":22}},"62":{"start":{"line":63,"column":0},"end":{"line":63,"column":20}},"63":{"start":{"line":64,"column":0},"end":{"line":64,"column":19}},"64":{"start":{"line":65,"column":0},"end":{"line":65,"column":13}},"65":{"start":{"line":66,"column":0},"end":{"line":66,"column":67}},"66":{"start":{"line":67,"column":0},"end":{"line":67,"column":27}},"67":{"start":{"line":68,"column":0},"end":{"line":68,"column":21}},"68":{"start":{"line":69,"column":0},"end":{"line":69,"column":13}},"69":{"start":{"line":70,"column":0},"end":{"line":70,"column":85}},"70":{"start":{"line":71,"column":0},"end":{"line":71,"column":10}},"71":{"start":{"line":72,"column":0},"end":{"line":72,"column":18}},"72":{"start":{"line":73,"column":0},"end":{"line":73,"column":13}},"73":{"start":{"line":74,"column":0},"end":{"line":74,"column":78}},"74":{"start":{"line":75,"column":0},"end":{"line":75,"column":3}},"76":{"start":{"line":77,"column":0},"end":{"line":77,"column":42}},"77":{"start":{"line":78,"column":0},"end":{"line":78,"column":1}}},"s":{"12":1,"13":3,"14":3,"15":3,"16":3,"17":3,"18":3,"19":3,"20":3,"22":3,"23":3,"24":3,"25":3,"26":3,"27":3,"28":3,"30":3,"31":3,"32":3,"35":3,"38":3,"39":3,"42":3,"43":3,"44":3,"45":3,"46":3,"47":3,"48":3,"49":3,"50":3,"51":3,"54":3,"55":3,"57":3,"59":3,"60":3,"62":3,"63":1,"64":1,"65":1,"66":3,"67":1,"68":1,"69":1,"70":1,"71":1,"72":1,"73":1,"74":1,"76":3,"77":3},"branchMap":{"0":{"type":"branch","line":13,"loc":{"start":{"line":13,"column":7},"end":{"line":78,"column":1}},"locations":[{"start":{"line":13,"column":7},"end":{"line":78,"column":1}}]},"1":{"type":"branch","line":24,"loc":{"start":{"line":24,"column":15},"end":{"line":24,"column":29}},"locations":[{"start":{"line":24,"column":15},"end":{"line":24,"column":29}}]},"2":{"type":"branch","line":25,"loc":{"start":{"line":25,"column":15},"end":{"line":25,"column":28}},"locations":[{"start":{"line":25,"column":15},"end":{"line":25,"column":28}}]},"3":{"type":"branch","line":26,"loc":{"start":{"line":26,"column":15},"end":{"line":26,"column":26}},"locations":[{"start":{"line":26,"column":15},"end":{"line":26,"column":26}}]},"4":{"type":"branch","line":27,"loc":{"start":{"line":27,"column":15},"end":{"line":27,"column":23}},"locations":[{"start":{"line":27,"column":15},"end":{"line":27,"column":23}}]},"5":{"type":"branch","line":28,"loc":{"start":{"line":28,"column":15},"end":{"line":28,"column":25}},"locations":[{"start":{"line":28,"column":15},"end":{"line":28,"column":25}}]},"6":{"type":"branch","line":33,"loc":{"start":{"line":33,"column":12},"end":{"line":33,"column":25}},"locations":[{"start":{"line":33,"column":12},"end":{"line":33,"column":25}}]},"7":{"type":"branch","line":39,"loc":{"start":{"line":39,"column":49},"end":{"line":39,"column":68}},"locations":[{"start":{"line":39,"column":49},"end":{"line":39,"column":68}}]},"8":{"type":"branch","line":44,"loc":{"start":{"line":44,"column":4},"end":{"line":44,"column":27}},"locations":[{"start":{"line":44,"column":4},"end":{"line":44,"column":27}}]},"9":{"type":"branch","line":45,"loc":{"start":{"line":45,"column":4},"end":{"line":45,"column":24}},"locations":[{"start":{"line":45,"column":4},"end":{"line":45,"column":24}}]},"10":{"type":"branch","line":46,"loc":{"start":{"line":46,"column":4},"end":{"line":46,"column":24}},"locations":[{"start":{"line":46,"column":4},"end":{"line":46,"column":24}}]},"11":{"type":"branch","line":56,"loc":{"start":{"line":56,"column":71},"end":{"line":56,"column":77}},"locations":[{"start":{"line":56,"column":71},"end":{"line":56,"column":77}}]},"12":{"type":"branch","line":63,"loc":{"start":{"line":63,"column":19},"end":{"line":67,"column":13}},"locations":[{"start":{"line":63,"column":19},"end":{"line":67,"column":13}}]},"13":{"type":"branch","line":67,"loc":{"start":{"line":67,"column":2},"end":{"line":75,"column":3}},"locations":[{"start":{"line":67,"column":2},"end":{"line":75,"column":3}}]},"14":{"type":"branch","line":67,"loc":{"start":{"line":67,"column":26},"end":{"line":75,"column":3}},"locations":[{"start":{"line":67,"column":26},"end":{"line":75,"column":3}}]},"15":{"type":"branch","line":32,"loc":{"start":{"line":32,"column":18},"end":{"line":32,"column":46}},"locations":[{"start":{"line":32,"column":18},"end":{"line":32,"column":46}}]},"16":{"type":"branch","line":32,"loc":{"start":{"line":32,"column":37},"end":{"line":32,"column":46}},"locations":[{"start":{"line":32,"column":37},"end":{"line":32,"column":46}}]},"17":{"type":"branch","line":48,"loc":{"start":{"line":48,"column":31},"end":{"line":48,"column":48}},"locations":[{"start":{"line":48,"column":31},"end":{"line":48,"column":48}}]}},"b":{"0":[3],"1":[0],"2":[0],"3":[0],"4":[0],"5":[0],"6":[0],"7":[0],"8":[0],"9":[0],"10":[0],"11":[0],"12":[1],"13":[2],"14":[1],"15":[15],"16":[0],"17":[9]},"fnMap":{"0":{"name":"calculateReadinessScore","decl":{"start":{"line":13,"column":7},"end":{"line":78,"column":1}},"loc":{"start":{"line":13,"column":7},"end":{"line":78,"column":1}},"line":13}},"f":{"0":3}}
,"/Users/tanasho/Desktop/作成中ポートフォリオデータ/ai-skill-map-generator/lib/skillMapLoader.ts": {"path":"/Users/tanasho/Desktop/作成中ポートフォリオデータ/ai-skill-map-generator/lib/skillMapLoader.ts","all":true,"statementMap":{"0":{"start":{"line":1,"column":0},"end":{"line":1,"column":60}},"1":{"start":{"line":2,"column":0},"end":{"line":2,"column":53}},"2":{"start":{"line":3,"column":0},"end":{"line":3,"column":0}},"3":{"start":{"line":4,"column":0},"end":{"line":4,"column":33}},"4":{"start":{"line":5,"column":0},"end":{"line":5,"column":13}},"5":{"start":{"line":6,"column":0},"end":{"line":6,"column":30}},"6":{"start":{"line":7,"column":0},"end":{"line":7,"column":20}},"7":{"start":{"line":8,"column":0},"end":{"line":8,"column":21}},"8":{"start":{"line":9,"column":0},"end":{"line":9,"column":20}},"9":{"start":{"line":10,"column":0},"end":{"line":10,"column":20}},"10":{"start":{"line":11,"column":0},"end":{"line":11,"column":21}},"11":{"start":{"line":12,"column":0},"end":{"line":12,"column":20}},"12":{"start":{"line":13,"column":0},"end":{"line":13,"column":1}},"13":{"start":{"line":14,"column":0},"end":{"line":14,"column":0}},"14":{"start":{"line":15,"column":0},"end":{"line":15,"column":39}},"15":{"start":{"line":16,"column":0},"end":{"line":16,"column":20}},"16":{"start":{"line":17,"column":0},"end":{"line":17,"column":35}},"17":{"start":{"line":18,"column":0},"end":{"line":18,"column":42}},"18":{"start":{"line":19,"column":0},"end":{"line":19,"column":0}},"19":{"start":{"line":20,"column":0},"end":{"line":20,"column":40}},"20":{"start":{"line":21,"column":0},"end":{"line":21,"column":23}},"21":{"start":{"line":22,"column":0},"end":{"line":22,"column":16}},"22":{"start":{"line":23,"column":0},"end":{"line":23,"column":25}},"23":{"start":{"line":24,"column":0},"end":{"line":24,"column":14}},"24":{"start":{"line":25,"column":0},"end":{"line":25,"column":0}},"25":{"start":{"line":26,"column":0},"end":{"line":26,"column":23}},"26":{"start":{"line":27,"column":0},"end":{"line":27,"column":16}},"27":{"start":{"line":28,"column":0},"end":{"line":28,"column":3}},"28":{"start":{"line":29,"column":0},"end":{"line":29,"column":0}},"29":{"start":{"line":30,"column":0},"end":{"line":30,"column":10}},"30":{"start":{"line":31,"column":0},"end":{"line":31,"column":26}},"31":{"start":{"line":32,"column":0},"end":{"line":32,"column":59}},"32":{"start":{"line":33,"column":0},"end":{"line":33,"column":48}},"33":{"start":{"line":34,"column":0},"end":{"line":34,"column":50}},"34":{"start":{"line":35,"column":0},"end":{"line":35,"column":49}},"35":{"start":{"line":36,"column":0},"end":{"line":36,"column":49}},"36":{"start":{"line":37,"column":0},"end":{"line":37,"column":39}},"37":{"start":{"line":38,"column":0},"end":{"line":38,"column":40}},"38":{"start":{"line":39,"column":0},"end":{"line":39,"column":4}},"39":{"start":{"line":40,"column":0},"end":{"line":40,"column":1}}},"s":{"0":0,"1":0,"2":0,"3":0,"4":0,"5":0,"6":0,"7":0,"8":0,"9":0,"10":0,"11":0,"12":0,"13":0,"14":0,"15":0,"16":0,"17":0,"18":0,"19":0,"20":0,"21":0,"22":0,"23":0,"24":0,"25":0,"26":0,"27":0,"28":0,"29":0,"30":0,"31":0,"32":0,"33":0,"34":0,"35":0,"36":0,"37":0,"38":0,"39":0},"branchMap":{"0":{"type":"branch","line":1,"loc":{"start":{"line":1,"column":0},"end":{"line":40,"column":1}},"locations":[{"start":{"line":1,"column":0},"end":{"line":40,"column":1}}]}},"b":{"0":[0]},"fnMap":{"0":{"name":"(empty-report)","decl":{"start":{"line":1,"column":0},"end":{"line":40,"column":1}},"loc":{"start":{"line":1,"column":0},"end":{"line":40,"column":1}},"line":1}},"f":{"0":0}}
,"/Users/tanasho/Desktop/作成中ポートフォリオデータ/ai-skill-map-generator/lib/supabaseBrowserClient.ts": {"path":"/Users/tanasho/Desktop/作成中ポートフォリオデータ/ai-skill-map-generator/lib/supabaseBrowserClient.ts","all":true,"statementMap":{"0":{"start":{"line":1,"column":0},"end":{"line":1,"column":74}},"1":{"start":{"line":2,"column":0},"end":{"line":2,"column":0}},"2":{"start":{"line":3,"column":0},"end":{"line":3,"column":57}},"3":{"start":{"line":4,"column":0},"end":{"line":4,"column":66}},"4":{"start":{"line":5,"column":0},"end":{"line":5,"column":0}},"5":{"start":{"line":6,"column":0},"end":{"line":6,"column":48}},"6":{"start":{"line":7,"column":0},"end":{"line":7,"column":0}},"7":{"start":{"line":8,"column":0},"end":{"line":8,"column":60}},"8":{"start":{"line":9,"column":0},"end":{"line":9,"column":41}},"9":{"start":{"line":10,"column":0},"end":{"line":10,"column":20}},"10":{"start":{"line":11,"column":0},"end":{"line":11,"column":51}},"11":{"start":{"line":12,"column":0},"end":{"line":12,"column":6}},"12":{"start":{"line":13,"column":0},"end":{"line":13,"column":3}},"13":{"start":{"line":14,"column":0},"end":{"line":14,"column":0}},"14":{"start":{"line":15,"column":0},"end":{"line":15,"column":23}},"15":{"start":{"line":16,"column":0},"end":{"line":16,"column":64}},"16":{"start":{"line":17,"column":0},"end":{"line":17,"column":13}},"17":{"start":{"line":18,"column":0},"end":{"line":18,"column":28}},"18":{"start":{"line":19,"column":0},"end":{"line":19,"column":7}},"19":{"start":{"line":20,"column":0},"end":{"line":20,"column":7}},"20":{"start":{"line":21,"column":0},"end":{"line":21,"column":3}},"21":{"start":{"line":22,"column":0},"end":{"line":22,"column":0}},"22":{"start":{"line":23,"column":0},"end":{"line":23,"column":23}},"23":{"start":{"line":24,"column":0},"end":{"line":24,"column":1}}},"s":{"0":0,"1":0,"2":0,"3":0,"4":0,"5":0,"6":0,"7":0,"8":0,"9":0,"10":0,"11":0,"12":0,"13":0,"14":0,"15":0,"16":0,"17":0,"18":0,"19":0,"20":0,"21":0,"22":0,"23":0},"branchMap":{"0":{"type":"branch","line":1,"loc":{"start":{"line":1,"column":0},"end":{"line":24,"column":1}},"locations":[{"start":{"line":1,"column":0},"end":{"line":24,"column":1}}]}},"b":{"0":[0]},"fnMap":{"0":{"name":"(empty-report)","decl":{"start":{"line":1,"column":0},"end":{"line":24,"column":1}},"loc":{"start":{"line":1,"column":0},"end":{"line":24,"column":1}},"line":1}},"f":{"0":0}}
,"/Users/tanasho/Desktop/作成中ポートフォリオデータ/ai-skill-map-generator/lib/supabaseClient.ts": {"path":"/Users/tanasho/Desktop/作成中ポートフォリオデータ/ai-skill-map-generator/lib/supabaseClient.ts","all":true,"statementMap":{"0":{"start":{"line":1,"column":0},"end":{"line":1,"column":53}},"1":{"start":{"line":2,"column":0},"end":{"line":2,"column":0}},"2":{"start":{"line":3,"column":0},"end":{"line":3,"column":57}},"3":{"start":{"line":4,"column":0},"end":{"line":4,"column":66}},"4":{"start":{"line":5,"column":0},"end":{"line":5,"column":0}},"5":{"start":{"line":6,"column":0},"end":{"line":6,"column":39}},"6":{"start":{"line":7,"column":0},"end":{"line":7,"column":23}},"7":{"start":{"line":8,"column":0},"end":{"line":8,"column":15}},"8":{"start":{"line":9,"column":0},"end":{"line":9,"column":89}},"9":{"start":{"line":10,"column":0},"end":{"line":10,"column":4}},"10":{"start":{"line":11,"column":0},"end":{"line":11,"column":1}},"11":{"start":{"line":12,"column":0},"end":{"line":12,"column":0}},"12":{"start":{"line":13,"column":0},"end":{"line":13,"column":42}},"13":{"start":{"line":14,"column":0},"end":{"line":14,"column":40}},"14":{"start":{"line":15,"column":0},"end":{"line":15,"column":41}},"15":{"start":{"line":16,"column":0},"end":{"line":16,"column":20}},"16":{"start":{"line":17,"column":0},"end":{"line":17,"column":47}},"17":{"start":{"line":18,"column":0},"end":{"line":18,"column":6}},"18":{"start":{"line":19,"column":0},"end":{"line":19,"column":3}},"19":{"start":{"line":20,"column":0},"end":{"line":20,"column":0}},"20":{"start":{"line":21,"column":0},"end":{"line":21,"column":53}},"21":{"start":{"line":22,"column":0},"end":{"line":22,"column":11}},"22":{"start":{"line":23,"column":0},"end":{"line":23,"column":27}},"23":{"start":{"line":24,"column":0},"end":{"line":24,"column":5}},"24":{"start":{"line":25,"column":0},"end":{"line":25,"column":5}},"25":{"start":{"line":26,"column":0},"end":{"line":26,"column":1}}},"s":{"0":0,"1":0,"2":0,"3":0,"4":0,"5":0,"6":0,"7":0,"8":0,"9":0,"10":0,"11":0,"12":0,"13":0,"14":0,"15":0,"16":0,"17":0,"18":0,"19":0,"20":0,"21":0,"22":0,"23":0,"24":0,"25":0},"branchMap":{"0":{"type":"branch","line":1,"loc":{"start":{"line":1,"column":0},"end":{"line":26,"column":1}},"locations":[{"start":{"line":1,"column":0},"end":{"line":26,"column":1}}]}},"b":{"0":[0]},"fnMap":{"0":{"name":"(empty-report)","decl":{"start":{"line":1,"column":0},"end":{"line":26,"column":1}},"loc":{"start":{"line":1,"column":0},"end":{"line":26,"column":1}},"line":1}},"f":{"0":0}}
,"/Users/tanasho/Desktop/作成中ポートフォリオデータ/ai-skill-map-generator/lib/usageLogger.ts": {"path":"/Users/tanasho/Desktop/作成中ポートフォリオデータ/ai-skill-map-generator/lib/usageLogger.ts","all":true,"statementMap":{"0":{"start":{"line":1,"column":0},"end":{"line":1,"column":43}},"1":{"start":{"line":2,"column":0},"end":{"line":2,"column":0}},"2":{"start":{"line":3,"column":0},"end":{"line":3,"column":41}},"3":{"start":{"line":4,"column":0},"end":{"line":4,"column":0}},"4":{"start":{"line":5,"column":0},"end":{"line":5,"column":34}},"5":{"start":{"line":6,"column":0},"end":{"line":6,"column":65}},"6":{"start":{"line":7,"column":0},"end":{"line":7,"column":7}},"7":{"start":{"line":8,"column":0},"end":{"line":8,"column":19}},"8":{"start":{"line":9,"column":0},"end":{"line":9,"column":7}},"9":{"start":{"line":10,"column":0},"end":{"line":10,"column":22}},"10":{"start":{"line":11,"column":0},"end":{"line":11,"column":25}},"11":{"start":{"line":12,"column":0},"end":{"line":12,"column":8}},"12":{"start":{"line":13,"column":0},"end":{"line":13,"column":18}},"13":{"start":{"line":14,"column":0},"end":{"line":14,"column":25}},"14":{"start":{"line":15,"column":0},"end":{"line":15,"column":12}},"15":{"start":{"line":16,"column":0},"end":{"line":16,"column":10}},"16":{"start":{"line":17,"column":0},"end":{"line":17,"column":7}},"17":{"start":{"line":18,"column":0},"end":{"line":18,"column":11}},"18":{"start":{"line":19,"column":0},"end":{"line":19,"column":20}},"19":{"start":{"line":20,"column":0},"end":{"line":20,"column":3}},"20":{"start":{"line":21,"column":0},"end":{"line":21,"column":1}}},"s":{"0":0,"1":0,"2":0,"3":0,"4":0,"5":0,"6":0,"7":0,"8":0,"9":0,"10":0,"11":0,"12":0,"13":0,"14":0,"15":0,"16":0,"17":0,"18":0,"19":0,"20":0},"branchMap":{"0":{"type":"branch","line":1,"loc":{"start":{"line":1,"column":0},"end":{"line":21,"column":1}},"locations":[{"start":{"line":1,"column":0},"end":{"line":21,"column":1}}]}},"b":{"0":[0]},"fnMap":{"0":{"name":"(empty-report)","decl":{"start":{"line":1,"column":0},"end":{"line":21,"column":1}},"loc":{"start":{"line":1,"column":0},"end":{"line":21,"column":1}},"line":1}},"f":{"0":0}}
,"/Users/tanasho/Desktop/作成中ポートフォリオデータ/ai-skill-map-generator/lib/utils.ts": {"path":"/Users/tanasho/Desktop/作成中ポートフォリオデータ/ai-skill-map-generator/lib/utils.ts","all":true,"statementMap":{"0":{"start":{"line":1,"column":0},"end":{"line":1,"column":74}},"1":{"start":{"line":2,"column":0},"end":{"line":2,"column":43}},"2":{"start":{"line":3,"column":0},"end":{"line":3,"column":1}}},"s":{"0":0,"1":0,"2":0},"branchMap":{"0":{"type":"branch","line":1,"loc":{"start":{"line":1,"column":0},"end":{"line":3,"column":1}},"locations":[{"start":{"line":1,"column":0},"end":{"line":3,"column":1}}]}},"b":{"0":[0]},"fnMap":{"0":{"name":"(empty-report)","decl":{"start":{"line":1,"column":0},"end":{"line":3,"column":1}},"loc":{"start":{"line":1,"column":0},"end":{"line":3,"column":1}},"line":1}},"f":{"0":0}}
}
