TN:
SF:lib/answerEvaluator.ts
FN:75,evaluateAnswer
FN:140,evaluateLength
FN:169,evaluateSpecificity
FN:205,evaluateStructure
FN:241,evaluateStarElements
FN:304,scoreToLevel
FN:315,scoreToLabel
FNF:7
FNH:7
FNDA:25,evaluateAnswer
FNDA:25,evaluateLength
FNDA:25,evaluateSpecificity
FNDA:25,evaluateStructure
FNDA:25,evaluateStarElements
FNDA:21,scoreToLevel
FNDA:15,scoreToLabel
DA:25,1
DA:26,1
DA:27,1
DA:28,1
DA:29,1
DA:32,1
DA:33,1
DA:34,1
DA:35,1
DA:36,1
DA:37,1
DA:38,1
DA:39,1
DA:40,1
DA:41,1
DA:42,1
DA:43,1
DA:44,1
DA:45,1
DA:46,1
DA:47,1
DA:48,1
DA:49,1
DA:50,1
DA:51,1
DA:52,1
DA:53,1
DA:56,1
DA:57,1
DA:58,1
DA:59,1
DA:60,1
DA:61,1
DA:64,1
DA:65,1
DA:66,1
DA:67,1
DA:68,1
DA:69,1
DA:70,1
DA:75,1
DA:76,25
DA:77,25
DA:78,25
DA:79,25
DA:80,25
DA:83,25
DA:86,25
DA:89,25
DA:92,25
DA:93,25
DA:94,25
DA:95,25
DA:96,25
DA:97,25
DA:100,25
DA:101,25
DA:103,7
DA:104,7
DA:105,7
DA:106,7
DA:107,7
DA:108,7
DA:109,25
DA:111,3
DA:112,3
DA:113,3
DA:114,3
DA:115,3
DA:116,3
DA:117,18
DA:119,15
DA:120,15
DA:121,15
DA:122,15
DA:123,15
DA:124,15
DA:125,15
DA:127,25
DA:128,25
DA:129,25
DA:130,25
DA:131,25
DA:132,25
DA:133,25
DA:134,25
DA:135,25
DA:136,25
DA:137,25
DA:138,25
DA:140,25
DA:141,25
DA:142,25
DA:143,25
DA:144,25
DA:145,25
DA:146,25
DA:147,25
DA:149,25
DA:150,9
DA:151,9
DA:152,21
DA:153,11
DA:154,11
DA:155,16
DA:156,1
DA:157,1
DA:158,5
DA:159,4
DA:160,4
DA:161,4
DA:162,0
DA:163,0
DA:164,0
DA:166,0
DA:167,0
DA:169,25
DA:170,25
DA:171,25
DA:172,25
DA:173,25
DA:174,25
DA:177,25
DA:178,25
DA:179,14
DA:180,14
DA:181,21
DA:182,11
DA:183,11
DA:186,25
DA:187,25
DA:188,100
DA:189,16
DA:190,16
DA:191,100
DA:193,25
DA:194,1
DA:195,1
DA:196,25
DA:197,14
DA:198,24
DA:199,10
DA:200,10
DA:202,25
DA:203,25
DA:205,25
DA:206,25
DA:207,25
DA:208,25
DA:209,25
DA:210,25
DA:213,25
DA:214,25
DA:215,125
DA:216,25
DA:217,25
DA:218,125
DA:220,25
DA:221,7
DA:222,7
DA:223,25
DA:224,1
DA:225,1
DA:226,18
DA:227,2
DA:228,17
DA:229,15
DA:230,15
DA:233,25
DA:234,25
DA:235,13
DA:236,13
DA:238,25
DA:239,25
DA:241,25
DA:242,25
DA:243,25
DA:244,25
DA:245,25
DA:246,25
DA:247,25
DA:250,25
DA:251,100
DA:252,216
DA:253,43
DA:254,43
DA:255,43
DA:256,216
DA:257,100
DA:259,25
DA:260,25
DA:263,25
DA:266,25
DA:267,7
DA:268,2
DA:269,2
DA:270,6
DA:271,1
DA:272,1
DA:273,1
DA:274,1
DA:275,1
DA:276,1
DA:277,1
DA:278,1
DA:279,1
DA:280,1
DA:281,1
DA:282,1
DA:283,1
DA:284,5
DA:285,4
DA:286,4
DA:287,25
DA:289,18
DA:290,4
DA:291,18
DA:293,12
DA:294,9
DA:295,9
DA:296,18
DA:298,25
DA:299,25
DA:304,1
DA:305,21
DA:306,21
DA:307,21
DA:308,21
DA:309,5
DA:310,5
DA:315,1
DA:316,15
DA:317,15
DA:318,15
DA:319,15
DA:320,3
DA:321,3
LF:237
LH:232
BRDA:75,0,0,25
BRDA:101,1,0,7
BRDA:109,2,0,18
BRDA:109,3,0,3
BRDA:117,4,0,15
BRDA:140,5,0,25
BRDA:149,6,0,13
BRDA:149,7,0,21
BRDA:149,8,0,9
BRDA:152,9,0,16
BRDA:152,10,0,11
BRDA:155,11,0,5
BRDA:155,12,0,1
BRDA:158,13,0,4
BRDA:161,14,0,0
BRDA:164,15,0,0
BRDA:169,16,0,25
BRDA:178,17,0,21
BRDA:178,18,0,14
BRDA:181,19,0,11
BRDA:187,20,0,100
BRDA:188,21,0,16
BRDA:193,22,0,1
BRDA:196,23,0,24
BRDA:196,24,0,14
BRDA:198,25,0,10
BRDA:205,26,0,25
BRDA:214,27,0,125
BRDA:215,28,0,25
BRDA:220,29,0,7
BRDA:223,30,0,18
BRDA:223,31,0,1
BRDA:226,32,0,17
BRDA:226,33,0,2
BRDA:228,34,0,15
BRDA:233,35,0,16
BRDA:234,36,0,13
BRDA:241,37,0,25
BRDA:250,38,0,100
BRDA:251,39,0,216
BRDA:252,40,0,43
BRDA:266,41,0,7
BRDA:267,42,0,6
BRDA:267,43,0,2
BRDA:270,44,0,5
BRDA:270,45,0,1
BRDA:284,46,0,4
BRDA:287,47,0,18
BRDA:289,48,0,4
BRDA:291,49,0,14
BRDA:291,50,0,12
BRDA:291,51,0,5
BRDA:293,52,0,9
BRDA:273,53,0,4
BRDA:282,54,0,1
BRDA:304,55,0,21
BRDA:305,56,0,4
BRDA:305,57,0,17
BRDA:306,58,0,4
BRDA:306,59,0,13
BRDA:307,60,0,4
BRDA:307,61,0,9
BRDA:308,62,0,13
BRDA:308,63,0,4
BRDA:308,64,0,5
BRDA:315,65,0,15
BRDA:316,66,0,3
BRDA:316,67,0,12
BRDA:317,68,0,3
BRDA:317,69,0,9
BRDA:318,70,0,3
BRDA:318,71,0,6
BRDA:319,72,0,3
BRF:73
BRH:71
end_of_record
TN:
SF:lib/apiClient.ts
FN:1,(empty-report)
FNF:1
FNH:0
FNDA:0,(empty-report)
DA:1,0
DA:2,0
DA:3,0
DA:4,0
DA:5,0
DA:6,0
DA:7,0
DA:8,0
DA:9,0
DA:10,0
DA:11,0
DA:12,0
DA:13,0
DA:14,0
DA:15,0
DA:16,0
DA:17,0
DA:18,0
DA:19,0
DA:20,0
DA:21,0
DA:22,0
DA:23,0
DA:24,0
DA:25,0
DA:26,0
DA:27,0
DA:28,0
LF:28
LH:0
BRDA:1,0,0,0
BRF:1
BRH:0
end_of_record
TN:
SF:lib/openaiClient.ts
FN:1,(empty-report)
FNF:1
FNH:0
FNDA:0,(empty-report)
DA:1,0
DA:2,0
DA:3,0
DA:4,0
DA:5,0
DA:6,0
DA:7,0
DA:8,0
DA:9,0
DA:10,0
DA:11,0
DA:12,0
DA:13,0
DA:14,0
DA:15,0
DA:16,0
DA:17,0
DA:18,0
DA:19,0
LF:19
LH:0
BRDA:1,0,0,0
BRF:1
BRH:0
end_of_record
TN:
SF:lib/readiness.ts
FN:13,calculateReadinessScore
FNF:1
FNH:1
FNDA:3,calculateReadinessScore
DA:13,1
DA:14,3
DA:15,3
DA:16,3
DA:17,3
DA:18,3
DA:19,3
DA:20,3
DA:21,3
DA:23,3
DA:24,3
DA:25,3
DA:26,3
DA:27,3
DA:28,3
DA:29,3
DA:31,3
DA:32,3
DA:33,3
DA:36,3
DA:39,3
DA:40,3
DA:43,3
DA:44,3
DA:45,3
DA:46,3
DA:47,3
DA:48,3
DA:49,3
DA:50,3
DA:51,3
DA:52,3
DA:55,3
DA:56,3
DA:58,3
DA:60,3
DA:61,3
DA:63,3
DA:64,1
DA:65,1
DA:66,1
DA:67,3
DA:68,1
DA:69,1
DA:70,1
DA:71,1
DA:72,1
DA:73,1
DA:74,1
DA:75,1
DA:77,3
DA:78,3
LF:52
LH:52
BRDA:13,0,0,3
BRDA:24,1,0,0
BRDA:25,2,0,0
BRDA:26,3,0,0
BRDA:27,4,0,0
BRDA:28,5,0,0
BRDA:33,6,0,0
BRDA:39,7,0,0
BRDA:44,8,0,0
BRDA:45,9,0,0
BRDA:46,10,0,0
BRDA:56,11,0,0
BRDA:63,12,0,1
BRDA:67,13,0,2
BRDA:67,14,0,1
BRDA:32,15,0,15
BRDA:32,16,0,0
BRDA:48,17,0,9
BRF:18
BRH:6
end_of_record
TN:
SF:lib/skillMapLoader.ts
FN:1,(empty-report)
FNF:1
FNH:0
FNDA:0,(empty-report)
DA:1,0
DA:2,0
DA:3,0
DA:4,0
DA:5,0
DA:6,0
DA:7,0
DA:8,0
DA:9,0
DA:10,0
DA:11,0
DA:12,0
DA:13,0
DA:14,0
DA:15,0
DA:16,0
DA:17,0
DA:18,0
DA:19,0
DA:20,0
DA:21,0
DA:22,0
DA:23,0
DA:24,0
DA:25,0
DA:26,0
DA:27,0
DA:28,0
DA:29,0
DA:30,0
DA:31,0
DA:32,0
DA:33,0
DA:34,0
DA:35,0
DA:36,0
DA:37,0
DA:38,0
DA:39,0
DA:40,0
LF:40
LH:0
BRDA:1,0,0,0
BRF:1
BRH:0
end_of_record
TN:
SF:lib/supabaseBrowserClient.ts
FN:1,(empty-report)
FNF:1
FNH:0
FNDA:0,(empty-report)
DA:1,0
DA:2,0
DA:3,0
DA:4,0
DA:5,0
DA:6,0
DA:7,0
DA:8,0
DA:9,0
DA:10,0
DA:11,0
DA:12,0
DA:13,0
DA:14,0
DA:15,0
DA:16,0
DA:17,0
DA:18,0
DA:19,0
DA:20,0
DA:21,0
DA:22,0
DA:23,0
DA:24,0
LF:24
LH:0
BRDA:1,0,0,0
BRF:1
BRH:0
end_of_record
TN:
SF:lib/supabaseClient.ts
FN:1,(empty-report)
FNF:1
FNH:0
FNDA:0,(empty-report)
DA:1,0
DA:2,0
DA:3,0
DA:4,0
DA:5,0
DA:6,0
DA:7,0
DA:8,0
DA:9,0
DA:10,0
DA:11,0
DA:12,0
DA:13,0
DA:14,0
DA:15,0
DA:16,0
DA:17,0
DA:18,0
DA:19,0
DA:20,0
DA:21,0
DA:22,0
DA:23,0
DA:24,0
DA:25,0
DA:26,0
LF:26
LH:0
BRDA:1,0,0,0
BRF:1
BRH:0
end_of_record
TN:
SF:lib/usageLogger.ts
FN:1,(empty-report)
FNF:1
FNH:0
FNDA:0,(empty-report)
DA:1,0
DA:2,0
DA:3,0
DA:4,0
DA:5,0
DA:6,0
DA:7,0
DA:8,0
DA:9,0
DA:10,0
DA:11,0
DA:12,0
DA:13,0
DA:14,0
DA:15,0
DA:16,0
DA:17,0
DA:18,0
DA:19,0
DA:20,0
DA:21,0
LF:21
LH:0
BRDA:1,0,0,0
BRF:1
BRH:0
end_of_record
TN:
SF:lib/utils.ts
FN:1,(empty-report)
FNF:1
FNH:0
FNDA:0,(empty-report)
DA:1,0
DA:2,0
DA:3,0
LF:3
LH:0
BRDA:1,0,0,0
BRF:1
BRH:0
end_of_record
